[LOG] System::create                           : Header version = 2.01.11. Current version = 2.01.11.
[LOG] Manager::init                            : maxchannels = 256 studioflags = 00000006 flags 00000000 extradriverdata 0x0.
[LOG] SystemI::init                            : Initialize version=20111 (118066), maxchannels=256, flags=0x00020000
[LOG] SystemI::setOutputInternal               : Setting output to 'FMOD Core Audio Output'
[LOG] OutputCoreAudio::init                    : Output running 2 channels at 48000Hz sample rate.
[LOG] OutputCoreAudio::init                    : Maximum hardware read size: 512 samples, Software buffer size: 512 samples, Number of software buffers: 4.
[LOG] Thread::initThread                       : Init FMOD stream thread. Affinity: 0x8000000000000003, Priority: 0xFFFF7FFB, Stack Size: 98304, Semaphore: No, Sleep Time: 10, Looping: Yes.
[LOG] Thread::initThread                       : Init FMOD mixer thread. Affinity: 0x8000000000000001, Priority: 0xFFFF7FFA, Stack Size: 81920, Semaphore: Yes, Sleep Time: 0, Looping: Yes.
[LOG] AsyncManager::init                       : manager 0x7fe106711808 isAsync 0 updatePeriod 0.02
[LOG] AsyncManager::init                       : done
[LOG] PlaybackSystem::init                     : 
[LOG] Thread::initThread                       : Init FMOD Studio sample load thread. Affinity: 0x8000000000000003, Priority: 0xFFFF7FFD, Stack Size: 98304, Semaphore: No, Sleep Time: 1, Looping: No.
[LOG] PlaybackSystem::init                     : done
[LOG] Thread::initThread                       : Init FMOD Studio bank load thread. Affinity: 0x8000000000000003, Priority: 0xFFFF7FFD, Stack Size: 98304, Semaphore: No, Sleep Time: 1, Looping: No.
[LOG] Manager::init                            : done.
[LOG] Manager::readBank                        : fileversion = 135, compatVersion = 132 (oldest = 44, newest = 135)
[LOG] Manager::readBank                        : fileversion = 135, compatVersion = 132 (oldest = 44, newest = 135)
[LOG] Manager::readBank                        : fileversion = 135, compatVersion = 132 (oldest = 44, newest = 135)
[LOG] PlaybackSystem::acquireMasterBus         : Setting master channel group format to 6
[LOG] Manager::readBank                        : fileversion = 135, compatVersion = 132 (oldest = 44, newest = 135)
[LOG] Manager::readBank                        : fileversion = 135, compatVersion = 132 (oldest = 44, newest = 135)
[LOG] Manager::readBank                        : fileversion = 135, compatVersion = 132 (oldest = 44, newest = 135)
[LOG] PlaybackSystem::acquireMasterBus         : Setting master channel group format to 6
[LOG] SystemI::createSound                     : filename = Assets/NULL-VOID/Build/Desktop/Ambience.bank : mode 02010082
[LOG] SystemI::createSound                     : FMOD_NONBLOCKING specified.  Putting into queue to be opened asynchronously!
[LOG] SystemI::createSound                     : setdata soundi = 0x7fe105f23b18 : node = 0x7fe105fed320
[LOG] SystemI::createSound                     : add node to async list : head = 0x7fe06316d718.  list count = 0
[LOG] AsyncThread::threadFunc                  : Starting Asynchronous operation on sound 0x7fe105f23b18
[LOG] SystemI::createSoundInternal             :     Create name='Assets/NULL-VOID/Build/Desktop/Ambience.bank', mode=0x02010082
[LOG] SystemI::createSoundInternal             :     exinfo->cbsize             = 224
[LOG] SystemI::createSoundInternal             :     exinfo->length             = 1326912
[LOG] SystemI::createSoundInternal             :     exinfo->fileoffset         = 16736
[LOG] SystemI::createSoundInternal             :     exinfo->numsubsounds       = 1
[LOG] SystemI::createSoundInternal             :     exinfo->inclusionlist      = 0x7fe105fed430
[LOG] SystemI::createSoundInternal             :     exinfo->inclusionlistnum   = 1
[LOG] SystemI::createSoundInternal             :     exinfo->suggestedsoundtype = 5
[LOG] SystemI::createSoundInternal             :     exinfo->initialseekpostype = 1
[LOG] SystemI::createSoundInternal             :     Stream 0/1: name='Ghost Sounds', format=5, channels=2, frequency=48000, lengthbytes=139680, lengthpcm=812512, pcmblocksize=0, loopstart=0, loopend=0, mode=0x00000000, channelmask=0x00000000, channelorder=0, peakvolume=0.181915.
[LOG] AsyncThread::threadFunc                  : Finished Asynchronous operation on sound 0x7fe105f23b18
[LOG] SoundI::release                          : Ghost Sounds (0x7fe06313c518)
[LOG] SoundI::release                          :     Ghost Sounds (0x7fe108a45928)
[LOG] SoundI::release                          :     Ghost Sounds (0x7fe108af3458)
[LOG] SystemI::createSoundInternal             : Create name='', mode=0x02000202
[LOG] SystemI::createSoundInternal             : exinfo->cbsize             = 224
[LOG] SystemI::createSoundInternal             : exinfo->length             = 1326912
[LOG] SystemI::createSoundInternal             : exinfo->fileoffset         = 16736
[LOG] SystemI::createSoundInternal             : exinfo->numsubsounds       = 1
[LOG] SystemI::createSoundInternal             : exinfo->inclusionlist      = 0x70000cb4f94c
[LOG] SystemI::createSoundInternal             : exinfo->inclusionlistnum   = 1
[LOG] SystemI::createSoundInternal             : exinfo->suggestedsoundtype = 5
[LOG] SystemI::createSoundInternal             : exinfo->useropen           = 0x175f3fc66
[LOG] SystemI::createSoundInternal             : exinfo->userclose          = 0x175f3fd1d
[LOG] SystemI::createSoundInternal             : exinfo->userread           = 0x175f3fd4a
[LOG] SystemI::createSoundInternal             : exinfo->userseek           = 0x175f3fde8
[LOG] SystemI::createSoundInternal             : exinfo->fileuserdata       = 0x7fe057e59748
[LOG] SystemI::createSoundInternal             : exinfo->initialseekpostype = 1
[LOG] SystemI::DSPCodecPoolRegister            : register codec pool for pool type 5
[LOG] SystemI::createSoundInternal             : Sample 0/1: name='LightRecharge', format=5, channels=2, frequency=48000, lengthbytes=52896, lengthpcm=432348, pcmblocksize=0, loopstart=0, loopend=0, mode=0x00000000, channelmask=0x00000000, channelorder=0, peakvolume=0.360192.
[LOG] SystemI::createSound                     : filename = Assets/NULL-VOID/Build/Desktop/Ambience.bank : mode 02010082
[LOG] SystemI::createSound                     : FMOD_NONBLOCKING specified.  Putting into queue to be opened asynchronously!
[LOG] SystemI::createSound                     : setdata soundi = 0x7fe10c860808 : node = 0x7fe057e10a30
[LOG] SystemI::createSound                     : add node to async list : head = 0x7fe06316d718.  list count = 0
[LOG] AsyncThread::threadFunc                  : Starting Asynchronous operation on sound 0x7fe10c860808
[LOG] SystemI::createSoundInternal             :     Create name='Assets/NULL-VOID/Build/Desktop/Ambience.bank', mode=0x02010082
[LOG] SystemI::createSoundInternal             :     exinfo->cbsize             = 224
[LOG] SystemI::createSoundInternal             :     exinfo->length             = 1326912
[LOG] SystemI::createSoundInternal             :     exinfo->fileoffset         = 16736
[LOG] SystemI::createSoundInternal             :     exinfo->numsubsounds       = 1
[LOG] SystemI::createSoundInternal             :     exinfo->inclusionlist      = 0x7fe057e10b40
[LOG] SystemI::createSoundInternal             :     exinfo->inclusionlistnum   = 1
[LOG] SystemI::createSoundInternal             :     exinfo->suggestedsoundtype = 5
[LOG] SystemI::createSoundInternal             :     exinfo->initialseekpostype = 1
[LOG] SystemI::createSoundInternal             :     Stream 0/1: name='Ghost Sounds', format=5, channels=2, frequency=48000, lengthbytes=139680, lengthpcm=812512, pcmblocksize=0, loopstart=0, loopend=0, mode=0x00000000, channelmask=0x00000000, channelorder=0, peakvolume=0.181915.
[LOG] AsyncThread::threadFunc                  : Finished Asynchronous operation on sound 0x7fe10c860808
[LOG] SoundI::release                          : Ghost Sounds (0x7fe105f23b18)
[LOG] SoundI::release                          :     Ghost Sounds (0x7fe04730bbe8)
[LOG] SoundI::release                          :     Ghost Sounds (0x7fe0631f43d8)
[LOG] SoundI::release                          : 2 (0x7fe063043448)
[LOG] SoundI::release                          :     2 (0x7fe0632847a8)
[LOG] SoundI::release                          :     2 (0x7fe0632620a8)
[LOG] SoundI::release                          :  (0x7fe0631b5958)
[LOG] SoundI::release                          :     MOM VO 1 (0x7fe06317b1b8)
[LOG] SoundI::release                          :  (0x7fe06313d6c8)
[LOG] SoundI::release                          :     MOM VO 2 (0x7fe06313d838)
[LOG] SoundI::release                          :  (0x7fe06313e028)
[LOG] SoundI::release                          :     MOM VO 3 (0x7fe06313e198)
[LOG] SoundI::release                          :  (0x7fe06317be58)
[LOG] SoundI::release                          :     MOM VO 4 (0x7fe06317bfc8)
[LOG] SoundI::release                          :  (0x7fe06315ad48)
[LOG] SoundI::release                          :     MOM VO 5 (0x7fe0631b5618)
[LOG] SoundI::release                          : Ghost Sounds (0x7fe10c860808)
[LOG] SoundI::release                          :     Ghost Sounds (0x7fe0631bc358)
[LOG] SoundI::release                          :     Ghost Sounds (0x7fe0631b9e98)
[LOG] SoundI::release                          : 3. Awakening (0x7fe108fbe1c8)
[LOG] SoundI::release                          :     3. Awakening (0x7fe0632791f8)
[LOG] SoundI::release                          :     3. Awakening (0x7fe057c96fb8)
[LOG] SoundI::release                          : Mirror Ambience (0x7fe108f2b418)
[LOG] SoundI::release                          :     Mirror Ambience (0x7fe057cf75f8)
[LOG] SoundI::release                          :     Mirror Ambience (0x7fe0632657d8)
[LOG] SoundI::release                          : Mirror Ambience (0x7fe0630ccd78)
[LOG] SoundI::release                          :     Mirror Ambience (0x7fe0632ac188)
[LOG] SoundI::release                          :     Mirror Ambience (0x7fe0632ac318)
[LOG] SoundI::release                          : Mirror Ambience (0x7fe063079bf8)
[LOG] SoundI::release                          :     Mirror Ambience (0x7fe0632da068)
[LOG] SoundI::release                          :     Mirror Ambience (0x7fe063273fe8)
[LOG] SoundI::release                          :  (0x7fe0631761e8)
[LOG] SoundI::release                          :     MOM VO 6 (0x7fe06313be88)
[LOG] SoundI::release                          :  (0x7fe06313db78)
[LOG] SoundI::release                          :     MOM VO 7 (0x7fe06313dce8)
[LOG] SoundI::release                          :  (0x7fe06317b9a8)
[LOG] SoundI::release                          :     High Heels (0x7fe06317bb18)
[LOG] SoundI::release                          :  (0x7fe057e61318)
[LOG] SoundI::release                          :     LightRecharge (0x7fe057ec4058)
[LOG] SoundI::release                          :  (0x7fe06317b4f8)
[LOG] SoundI::release                          :     NEW Object Slam (0x7fe06317b668)
[LOG] Thread::callback                         : FMOD Studio update thread finished.
[LOG] Thread::callback                         : FMOD Studio bank load thread finished.
[LOG] Profile::disconnectAll                   : Profiler disconnecting all clients
[LOG] Thread::callback                         : FMOD Studio sample load thread finished.
[LOG] LiveUpdate::release                      : 
[LOG] LiveUpdate::reset                        : Reset connection (reason Disconnected)
[LOG] Thread::callback                         : FMOD stream thread finished.
[LOG] Thread::callback                         : FMOD mixer thread finished.
[LOG] Profile::disconnectAll                   : Profiler disconnecting all clients
[LOG] SystemI::close                           : Closed.
